<?xml version="1.0" encoding="UTF-8"?>
<!-- Generated by org.testng.reporters.JUnitReportReporter -->
<testsuite skipped="0" hostname="MITHUN-PC" name="dataProvider.HalfEbayTest" tests="4" failures="0" timestamp="19 May 2019 09:57:24 GMT" time="95.636" errors="0">
  <testcase name="ebayRegistration" time="16.374" classname="dataProvider.HalfEbayTest"/>
  <testcase name="ebayRegistration" time="31.616" classname="dataProvider.HalfEbayTest"/>
  <testcase name="ebayRegistration" time="19.183" classname="dataProvider.HalfEbayTest"/>
  <testcase name="ebayRegistration" time="28.463" classname="dataProvider.HalfEbayTest"/>
</testsuite> <!-- dataProvider.HalfEbayTest -->
